<?xml version="1.0" encoding="UTF-8"?>
<!-- Generated by org.testng.reporters.JUnitXMLReporter -->
<testsuite hostname="DDSPL1550" ignored="0" name="Default test" tests="4" failures="1" timestamp="13 Aug 2018 17:30:06 GMT" time="153.691" errors="0">
  <testcase name="feature" time="48.535" classname="cucumber.api.testng.AbstractTestNGCucumberTests"/>
  <testcase name="feature" time="9.424" classname="cucumber.api.testng.AbstractTestNGCucumberTests"/>
  <testcase name="feature" time="9.418" classname="cucumber.api.testng.AbstractTestNGCucumberTests"/>
  <testcase name="feature" time="3.291" classname="cucumber.api.testng.AbstractTestNGCucumberTests">
    <failure type="cucumber.runtime.CucumberException" message="junit.framework.AssertionFailedError: Actual Response : &amp;lt;!DOCTYPE HTML PUBLIC &amp;quot;-//IETF//DTD HTML 2.0//EN&amp;quot;&amp;gt;
&amp;lt;html&amp;gt;&amp;lt;head&amp;gt;
&amp;lt;title&amp;gt;400 Bad Request&amp;lt;/title&amp;gt;
&amp;lt;/head&amp;gt;&amp;lt;body&amp;gt;
&amp;lt;h1&amp;gt;Bad Request&amp;lt;/h1&amp;gt;
&amp;lt;p&amp;gt;Your browser sent a request that this server could not understand.&amp;lt;br /&amp;gt;
&amp;lt;/p&amp;gt;
&amp;lt;hr&amp;gt;
&amp;lt;address&amp;gt;Apache/2.4.25 (Debian) Server at services.groupkt.com Port 80&amp;lt;/address&amp;gt;
&amp;lt;/body&amp;gt;&amp;lt;/html&amp;gt;

Expected status : 200 , Actual status : 400">
      <![CDATA[cucumber.runtime.CucumberException: junit.framework.AssertionFailedError: Actual Response : <!DOCTYPE HTML PUBLIC "-//IETF//DTD HTML 2.0//EN">
<html><head>
<title>400 Bad Request</title>
</head><body>
<h1>Bad Request</h1>
<p>Your browser sent a request that this server could not understand.<br />
</p>
<hr>
<address>Apache/2.4.25 (Debian) Server at services.groupkt.com Port 80</address>
</body></html>

Expected status : 200 , Actual status : 400
at cucumber.api.testng.TestNGCucumberRunner.runCucumber(TestNGCucumberRunner.java:69)
at cucumber.api.testng.AbstractTestNGCucumberTests.feature(AbstractTestNGCucumberTests.java:21)
at sun.reflect.NativeMethodAccessorImpl.invoke0(Native Method)
at sun.reflect.NativeMethodAccessorImpl.invoke(NativeMethodAccessorImpl.java:62)
at sun.reflect.DelegatingMethodAccessorImpl.invoke(DelegatingMethodAccessorImpl.java:43)
at java.lang.reflect.Method.invoke(Method.java:498)
at org.testng.internal.MethodInvocationHelper.invokeMethod(MethodInvocationHelper.java:124)
at org.testng.internal.Invoker.invokeMethod(Invoker.java:583)
at org.testng.internal.Invoker.invokeTestMethod(Invoker.java:719)
at org.testng.internal.Invoker.invokeTestMethods(Invoker.java:989)
at org.testng.internal.TestMethodWorker.invokeTestMethods(TestMethodWorker.java:125)
at org.testng.internal.TestMethodWorker.run(TestMethodWorker.java:109)
at org.testng.TestRunner.privateRun(TestRunner.java:648)
at org.testng.TestRunner.run(TestRunner.java:505)
at org.testng.SuiteRunner.runTest(SuiteRunner.java:455)
at org.testng.SuiteRunner.runSequentially(SuiteRunner.java:450)
at org.testng.SuiteRunner.privateRun(SuiteRunner.java:415)
at org.testng.SuiteRunner.run(SuiteRunner.java:364)
at org.testng.SuiteRunnerWorker.runSuite(SuiteRunnerWorker.java:52)
at org.testng.SuiteRunnerWorker.run(SuiteRunnerWorker.java:84)
at org.testng.TestNG.runSuitesSequentially(TestNG.java:1208)
at org.testng.TestNG.runSuitesLocally(TestNG.java:1137)
at org.testng.TestNG.runSuites(TestNG.java:1049)
at org.testng.TestNG.run(TestNG.java:1017)
at org.testng.remote.AbstractRemoteTestNG.run(AbstractRemoteTestNG.java:114)
at org.testng.remote.RemoteTestNG.initAndRun(RemoteTestNG.java:251)
at org.testng.remote.RemoteTestNG.main(RemoteTestNG.java:77)
Caused by: junit.framework.AssertionFailedError: Actual Response : <!DOCTYPE HTML PUBLIC "-//IETF//DTD HTML 2.0//EN">
<html><head>
<title>400 Bad Request</title>
</head><body>
<h1>Bad Request</h1>
<p>Your browser sent a request that this server could not understand.<br />
</p>
<hr>
<address>Apache/2.4.25 (Debian) Server at services.groupkt.com Port 80</address>
</body></html>

Expected status : 200 , Actual status : 400
at junit.framework.Assert.fail(Assert.java:57)
at junit.framework.Assert.assertTrue(Assert.java:22)
at org.hellofresh.stepdefs.TestAPISteps.verify_respone_status_code_as(TestAPISteps.java:58)
at âœ½.Then verify respone with status code as "200"(TestApis.feature:22)
]]>
    </failure>
  </testcase> <!-- feature -->
</testsuite> <!-- Default test -->
